TN:
SF:/home/tarun/Documents/MountBlueProjects/08-tarunharsh-microservice-project/Authentication/MigrationScripts/mongoScripts/connectDB.js
FN:4,getMongoConnection
FNF:1
FNH:1
FNDA:2,getMongoConnection
DA:1,1
DA:2,1
DA:6,2
DA:11,1
LF:4
LH:4
BRF:0
BRH:0
end_of_record
TN:
SF:/home/tarun/Documents/MountBlueProjects/08-tarunharsh-microservice-project/Authentication/User/userModel.js
FNF:0
FNH:0
DA:1,1
DA:3,1
DA:5,1
DA:7,1
DA:9,1
DA:18,1
DA:19,1
LF:7
LH:7
BRF:0
BRH:0
end_of_record
TN:
SF:/home/tarun/Documents/MountBlueProjects/08-tarunharsh-microservice-project/Authentication/User/Auth/AuthController.js
FN:10,doHash
FN:21,enterData
FN:34,UserExist
FNF:3
FNH:3
FNDA:1,doHash
FNDA:1,enterData
FNDA:2,UserExist
DA:1,1
DA:3,1
DA:5,1
DA:8,1
DA:11,1
DA:12,1
DA:13,1
DA:14,1
DA:15,1
DA:17,0
DA:22,1
DA:23,1
DA:24,1
DA:25,1
DA:26,1
DA:27,1
DA:28,0
DA:29,0
DA:31,1
DA:35,2
DA:36,2
DA:37,2
DA:38,2
DA:39,0
DA:41,2
DA:42,2
DA:44,0
DA:48,1
LF:28
LH:23
BRDA:38,0,0,0
BRDA:38,0,1,2
BRF:2
BRH:1
end_of_record
TN:
SF:/home/tarun/Documents/MountBlueProjects/08-tarunharsh-microservice-project/Authentication/config/urlConfig.js
FNF:0
FNH:0
DA:1,1
DA:2,1
DA:3,1
DA:5,1
DA:6,0
DA:9,1
LF:6
LH:5
BRDA:5,0,0,0
BRDA:5,0,1,1
BRF:2
BRH:1
end_of_record
TN:
SF:/home/tarun/Documents/MountBlueProjects/08-tarunharsh-microservice-project/Authentication/testUser/AuthRoutesTest.js
FN:7,(anonymous_0)
FN:8,(anonymous_1)
FN:14,(anonymous_2)
FN:20,(anonymous_3)
FN:26,(anonymous_4)
FNF:5
FNH:5
FNDA:1,(anonymous_0)
FNDA:1,(anonymous_1)
FNDA:1,(anonymous_2)
FNDA:1,(anonymous_3)
FNDA:1,(anonymous_4)
DA:3,1
DA:5,1
DA:7,1
DA:8,1
DA:9,1
DA:15,1
DA:16,1
DA:20,1
DA:21,1
DA:27,1
DA:28,1
LF:11
LH:11
BRDA:15,0,0,0
BRDA:15,0,1,1
BRDA:27,1,0,0
BRDA:27,1,1,1
BRF:4
BRH:2
end_of_record
TN:
SF:/home/tarun/Documents/MountBlueProjects/08-tarunharsh-microservice-project/Authentication/testUser/testLoginController.js
FN:6,(anonymous_0)
FN:7,(anonymous_1)
FN:17,(anonymous_2)
FNF:3
FNH:3
FNDA:1,(anonymous_0)
FNDA:1,(anonymous_1)
FNDA:1,(anonymous_2)
DA:2,1
DA:4,1
DA:6,1
DA:7,1
DA:8,1
DA:9,1
DA:11,1
DA:12,1
DA:14,1
DA:17,1
DA:18,1
DA:19,1
DA:21,1
DA:22,1
DA:24,1
LF:15
LH:15
BRF:0
BRH:0
end_of_record
TN:
SF:/home/tarun/Documents/MountBlueProjects/08-tarunharsh-microservice-project/Authentication/testUser/testRegisterController.js
FN:6,(anonymous_0)
FN:7,(anonymous_1)
FNF:2
FNH:2
FNDA:1,(anonymous_0)
FNDA:1,(anonymous_1)
DA:2,1
DA:4,1
DA:6,1
DA:7,1
DA:8,1
DA:14,1
DA:15,1
DA:17,1
LF:8
LH:8
BRF:0
BRH:0
end_of_record
